=== PlayerLogFileWriter open slot=0 mode=create time=14:57:08.620Z ===
HERE | LoadSettings | saved music volume = 1, and saved sfx volume = 1
2
SpellDictionary: Loaded 32 spells into the dictionary.
SpellDictionary: Spell 0: Demon Aura
SpellDictionary: Spell 1: Stock Stability
SpellDictionary: Spell 2: Reps
SpellDictionary: Spell 3: Flow State
SpellDictionary: Spell 4: Amon Slash
SpellDictionary: Spell 5: Asuran Blades
SpellDictionary: Spell 6: Bifrons Blade
SpellDictionary: Spell 7: Abaddon Uppercut
SpellDictionary: Spell 8: Hell-Chain Sweep
SpellDictionary: Spell 9: Demonic Descent
SpellDictionary: Spell 10: Use The Card
SpellDictionary: Spell 11: Quarter Report
SpellDictionary: Spell 12: Coin Toss
SpellDictionary: Spell 13: Get A Job
SpellDictionary: Spell 14: Cash Out
SpellDictionary: Spell 15: Blue Chip Trader
SpellDictionary: Spell 16: Let It Ride
SpellDictionary: Spell 17: Blade Of Ares
SpellDictionary: Spell 18: Might Of Zeus
SpellDictionary: Spell 19: Sun Of Apollo
SpellDictionary: Spell 20: Trident Of Poseidon
SpellDictionary: Spell 21: Gift Of Prometheus
SpellDictionary: Spell 22: Boots Of Hermes
SpellDictionary: Spell 23: Rod Of Asclepius
SpellDictionary: Spell 24: Skillshot Slash
SpellDictionary: Spell 25: Reload Shot
SpellDictionary: Spell 26: Pong Shot
SpellDictionary: Spell 27: Trickshot Alley
SpellDictionary: Spell 28: Shot Reflector
SpellDictionary: Spell 29: Mine Crafter
SpellDictionary: Spell 30: No-Scope Shot
SpellDictionary: Spell 31: Rip And Tear
[SEED] Initialized RNG with seed: 501478354
[HitchDiag] InitializeAllProjectiles took 0.87 ms (n=1)
Move Onboard Complete
Hitbox collision detected!
LOBBY GAMBA
Player #1, Choice #0: Amon Slash
HERE
HERE | LoadSettings | saved music volume = 1, and saved sfx volume = 1
Jump Onboard Complete
Atk Onboard Complete
HERE
HERE | LoadSettings | saved music volume = 1, and saved sfx volume = 1
